<?xml version="1.0" encoding="UTF-8"?>
<!-- Generated by org.testng.reporters.JUnitXMLReporter -->
<testsuite ignored="0" hostname="ltin270900" failures="1" tests="19" name="Test" time="100.553" errors="0" timestamp="2024-02-28T14:46:57 IST">
  <testcase classname="testcase.testcase_zigwheels01" name="mainlog" time="1.021"/>
  <testcase classname="testcase.testcase_zigwheels01" name="getupbikes" time="0.762"/>
  <testcase classname="testcase.testcase_zigwheels01" name="Selectupbikes" time="36.314"/>
  <testcase classname="testcase.testcase_zigwheels01" name="gethonda" time="1.123"/>
  <testcase classname="testcase.testcase_zigwheels01" name="sdrop" time="1.837"/>
  <testcase classname="testcase.testcase_zigwheels01" name="selectingreadmore" time="0.998"/>
  <testcase classname="testcase.testcase_zigwheels01" name="printingreqdetails" time="2.731">
    <failure type="java.io.FileNotFoundException" message="C:\Users\2303950\eclipse-workspace\hackathonmain\testdata\writinddata.xlsx (The process cannot access the file because it is being used by another process)">
      <![CDATA[java.io.FileNotFoundException: C:\Users\2303950\eclipse-workspace\hackathonmain\testdata\writinddata.xlsx (The process cannot access the file because it is being used by another process)
at java.base/java.io.FileOutputStream.open0(Native Method)
at java.base/java.io.FileOutputStream.open(FileOutputStream.java:293)
at java.base/java.io.FileOutputStream.<init>(FileOutputStream.java:235)
at java.base/java.io.FileOutputStream.<init>(FileOutputStream.java:123)
at utilities.excel.setdata(excel.java:50)
at testcase.testcase_zigwheels01.printingreqdetails(testcase_zigwheels01.java:99)
at java.base/java.util.ArrayList.forEach(ArrayList.java:1511)
... Removed 31 stack frames]]>
    </failure>
  </testcase> <!-- printingreqdetails -->
  <testcase classname="testcase.testcase_zigwheels01" name="navghp" time="1.971"/>
  <testcase classname="testcase.testcase_zigwheels01" name="popm" time="0.811"/>
  <testcase classname="testcase.testcase_zigwheels01" name="selcityaschn" time="6.263"/>
  <testcase classname="testcase.testcase_zigwheels01" name="scroillingucpm" time="0.082"/>
  <testcase classname="testcase.testcase_zigwheels01" name="printpm" time="0.129"/>
  <testcase classname="testcase.testcase_zigwheels01" name="navghp2" time="2.291"/>
  <testcase classname="testcase.testcase_zigwheels01" name="getlogo" time="0.057"/>
  <testcase classname="testcase.testcase_zigwheels01" name="registering" time="0.283"/>
  <testcase classname="testcase.testcase_zigwheels01" name="selectinggoogle" time="0.36"/>
  <testcase classname="testcase.testcase_zigwheels01" name="reg" time="4.116"/>
  <testcase classname="testcase.testcase_zigwheels01" name="clknb" time="0.909"/>
  <testcase classname="testcase.testcase_zigwheels01" name="getemess" time="0.137"/>
</testsuite> <!-- Test -->
