<?xml version="1.0" encoding="UTF-8"?>
<testng-results ignored="0" total="19" passed="18" failed="1" skipped="0">
  <reporter-output>
  </reporter-output>
  <suite started-at="2024-02-28T14:45:05 IST" name="Suite" finished-at="2024-02-28T14:46:46 IST" duration-ms="100553">
    <groups>
      <group name="regression">
        <method signature="testcase_zigwheels01.mainlog()[pri:1, instance:testcase.testcase_zigwheels01@413d1baf]" name="mainlog" class="testcase.testcase_zigwheels01"/>
        <method signature="testcase_zigwheels01.getupbikes()[pri:2, instance:testcase.testcase_zigwheels01@413d1baf]" name="getupbikes" class="testcase.testcase_zigwheels01"/>
        <method signature="testcase_zigwheels01.Selectupbikes()[pri:3, instance:testcase.testcase_zigwheels01@413d1baf]" name="Selectupbikes" class="testcase.testcase_zigwheels01"/>
        <method signature="testcase_zigwheels01.gethonda()[pri:4, instance:testcase.testcase_zigwheels01@413d1baf]" name="gethonda" class="testcase.testcase_zigwheels01"/>
        <method signature="testcase_zigwheels01.sdrop()[pri:5, instance:testcase.testcase_zigwheels01@413d1baf]" name="sdrop" class="testcase.testcase_zigwheels01"/>
        <method signature="testcase_zigwheels01.selectingreadmore()[pri:6, instance:testcase.testcase_zigwheels01@413d1baf]" name="selectingreadmore" class="testcase.testcase_zigwheels01"/>
        <method signature="testcase_zigwheels01.printingreqdetails()[pri:7, instance:testcase.testcase_zigwheels01@413d1baf]" name="printingreqdetails" class="testcase.testcase_zigwheels01"/>
        <method signature="testcase_zigwheels01.navghp()[pri:8, instance:testcase.testcase_zigwheels01@413d1baf]" name="navghp" class="testcase.testcase_zigwheels01"/>
        <method signature="testcase_zigwheels01.popm()[pri:9, instance:testcase.testcase_zigwheels01@413d1baf]" name="popm" class="testcase.testcase_zigwheels01"/>
        <method signature="testcase_zigwheels01.selcityaschn()[pri:10, instance:testcase.testcase_zigwheels01@413d1baf]" name="selcityaschn" class="testcase.testcase_zigwheels01"/>
        <method signature="testcase_zigwheels01.scroillingucpm()[pri:11, instance:testcase.testcase_zigwheels01@413d1baf]" name="scroillingucpm" class="testcase.testcase_zigwheels01"/>
        <method signature="testcase_zigwheels01.printpm()[pri:12, instance:testcase.testcase_zigwheels01@413d1baf]" name="printpm" class="testcase.testcase_zigwheels01"/>
        <method signature="testcase_zigwheels01.navghp2()[pri:13, instance:testcase.testcase_zigwheels01@413d1baf]" name="navghp2" class="testcase.testcase_zigwheels01"/>
        <method signature="testcase_zigwheels01.getlogo()[pri:14, instance:testcase.testcase_zigwheels01@413d1baf]" name="getlogo" class="testcase.testcase_zigwheels01"/>
        <method signature="testcase_zigwheels01.registering()[pri:15, instance:testcase.testcase_zigwheels01@413d1baf]" name="registering" class="testcase.testcase_zigwheels01"/>
        <method signature="testcase_zigwheels01.selectinggoogle()[pri:16, instance:testcase.testcase_zigwheels01@413d1baf]" name="selectinggoogle" class="testcase.testcase_zigwheels01"/>
        <method signature="testcase_zigwheels01.getemess()[pri:19, instance:testcase.testcase_zigwheels01@413d1baf]" name="getemess" class="testcase.testcase_zigwheels01"/>
      </group> <!-- regression -->
      <group name="sanity">
        <method signature="testcase_zigwheels01.reg()[pri:17, instance:testcase.testcase_zigwheels01@413d1baf]" name="reg" class="testcase.testcase_zigwheels01"/>
        <method signature="testcase_zigwheels01.clknb()[pri:18, instance:testcase.testcase_zigwheels01@413d1baf]" name="clknb" class="testcase.testcase_zigwheels01"/>
      </group> <!-- sanity -->
    </groups>
    <test started-at="2024-02-28T14:45:05 IST" name="Test" finished-at="2024-02-28T14:46:46 IST" duration-ms="100553">
      <class name="testcase.testcase_zigwheels01">
        <test-method is-config="true" signature="setup(java.lang.String,java.lang.String)[pri:0, instance:testcase.testcase_zigwheels01@413d1baf]" started-at="2024-02-28T14:45:06 IST" name="setup" finished-at="2024-02-28T14:45:24 IST" duration-ms="17438" status="PASS">
          <params>
            <param index="0">
              <value>
                <![CDATA[Windows]]>
              </value>
            </param>
            <param index="1">
              <value>
                <![CDATA[chrome]]>
              </value>
            </param>
          </params>
          <reporter-output>
          </reporter-output>
        </test-method> <!-- setup -->
        <test-method signature="mainlog()[pri:1, instance:testcase.testcase_zigwheels01@413d1baf]" started-at="2024-02-28T14:45:24 IST" name="mainlog" finished-at="2024-02-28T14:45:25 IST" duration-ms="1021" status="PASS">
          <reporter-output>
          </reporter-output>
        </test-method> <!-- mainlog -->
        <test-method signature="getupbikes()[pri:2, instance:testcase.testcase_zigwheels01@413d1baf]" started-at="2024-02-28T14:45:26 IST" name="getupbikes" finished-at="2024-02-28T14:45:27 IST" duration-ms="762" status="PASS">
          <reporter-output>
          </reporter-output>
        </test-method> <!-- getupbikes -->
        <test-method signature="Selectupbikes()[pri:3, instance:testcase.testcase_zigwheels01@413d1baf]" started-at="2024-02-28T14:45:27 IST" name="Selectupbikes" finished-at="2024-02-28T14:46:04 IST" duration-ms="36314" status="PASS">
          <reporter-output>
          </reporter-output>
        </test-method> <!-- Selectupbikes -->
        <test-method signature="gethonda()[pri:4, instance:testcase.testcase_zigwheels01@413d1baf]" started-at="2024-02-28T14:46:04 IST" name="gethonda" finished-at="2024-02-28T14:46:05 IST" duration-ms="1123" status="PASS">
          <reporter-output>
          </reporter-output>
        </test-method> <!-- gethonda -->
        <test-method signature="sdrop()[pri:5, instance:testcase.testcase_zigwheels01@413d1baf]" started-at="2024-02-28T14:46:06 IST" name="sdrop" finished-at="2024-02-28T14:46:08 IST" duration-ms="1837" status="PASS">
          <reporter-output>
          </reporter-output>
        </test-method> <!-- sdrop -->
        <test-method signature="selectingreadmore()[pri:6, instance:testcase.testcase_zigwheels01@413d1baf]" started-at="2024-02-28T14:46:08 IST" name="selectingreadmore" finished-at="2024-02-28T14:46:09 IST" duration-ms="998" status="PASS">
          <reporter-output>
          </reporter-output>
        </test-method> <!-- selectingreadmore -->
        <test-method signature="printingreqdetails()[pri:7, instance:testcase.testcase_zigwheels01@413d1baf]" started-at="2024-02-28T14:46:10 IST" name="printingreqdetails" finished-at="2024-02-28T14:46:12 IST" duration-ms="2731" status="FAIL">
          <exception class="java.io.FileNotFoundException">
            <message>
              <![CDATA[C:\Users\2303950\eclipse-workspace\hackathonmain\testdata\writinddata.xlsx (The process cannot access the file because it is being used by another process)]]>
            </message>
            <full-stacktrace>
              <![CDATA[java.io.FileNotFoundException: C:\Users\2303950\eclipse-workspace\hackathonmain\testdata\writinddata.xlsx (The process cannot access the file because it is being used by another process)
at java.base/java.io.FileOutputStream.open0(Native Method)
at java.base/java.io.FileOutputStream.open(FileOutputStream.java:293)
at java.base/java.io.FileOutputStream.<init>(FileOutputStream.java:235)
at java.base/java.io.FileOutputStream.<init>(FileOutputStream.java:123)
at utilities.excel.setdata(excel.java:50)
at testcase.testcase_zigwheels01.printingreqdetails(testcase_zigwheels01.java:99)
at java.base/jdk.internal.reflect.NativeMethodAccessorImpl.invoke0(Native Method)
at java.base/jdk.internal.reflect.NativeMethodAccessorImpl.invoke(NativeMethodAccessorImpl.java:77)
at java.base/jdk.internal.reflect.DelegatingMethodAccessorImpl.invoke(DelegatingMethodAccessorImpl.java:43)
at java.base/java.lang.reflect.Method.invoke(Method.java:568)
at org.testng.internal.invokers.MethodInvocationHelper.invokeMethod(MethodInvocationHelper.java:139)
at org.testng.internal.invokers.TestInvoker.invokeMethod(TestInvoker.java:664)
at org.testng.internal.invokers.TestInvoker.invokeTestMethod(TestInvoker.java:228)
at org.testng.internal.invokers.MethodRunner.runInSequence(MethodRunner.java:63)
at org.testng.internal.invokers.TestInvoker$MethodInvocationAgent.invoke(TestInvoker.java:961)
at org.testng.internal.invokers.TestInvoker.invokeTestMethods(TestInvoker.java:201)
at org.testng.internal.invokers.TestMethodWorker.invokeTestMethods(TestMethodWorker.java:148)
at org.testng.internal.invokers.TestMethodWorker.run(TestMethodWorker.java:128)
at java.base/java.util.ArrayList.forEach(ArrayList.java:1511)
at org.testng.TestRunner.privateRun(TestRunner.java:819)
at org.testng.TestRunner.run(TestRunner.java:619)
at org.testng.SuiteRunner.runTest(SuiteRunner.java:443)
at org.testng.SuiteRunner.runSequentially(SuiteRunner.java:437)
at org.testng.SuiteRunner.privateRun(SuiteRunner.java:397)
at org.testng.SuiteRunner.run(SuiteRunner.java:336)
at org.testng.SuiteRunnerWorker.runSuite(SuiteRunnerWorker.java:52)
at org.testng.SuiteRunnerWorker.run(SuiteRunnerWorker.java:95)
at org.testng.TestNG.runSuitesSequentially(TestNG.java:1301)
at org.testng.TestNG.runSuitesLocally(TestNG.java:1228)
at org.testng.TestNG.runSuites(TestNG.java:1134)
at org.testng.TestNG.run(TestNG.java:1101)
at org.apache.maven.surefire.testng.TestNGExecutor.run(TestNGExecutor.java:308)
at org.apache.maven.surefire.testng.TestNGXmlTestSuite.execute(TestNGXmlTestSuite.java:71)
at org.apache.maven.surefire.testng.TestNGProvider.invoke(TestNGProvider.java:113)
at org.apache.maven.surefire.booter.ForkedBooter.runSuitesInProcess(ForkedBooter.java:385)
at org.apache.maven.surefire.booter.ForkedBooter.execute(ForkedBooter.java:162)
at org.apache.maven.surefire.booter.ForkedBooter.run(ForkedBooter.java:507)
at org.apache.maven.surefire.booter.ForkedBooter.main(ForkedBooter.java:495)
]]>
            </full-stacktrace>
          </exception> <!-- java.io.FileNotFoundException -->
          <reporter-output>
          </reporter-output>
        </test-method> <!-- printingreqdetails -->
        <test-method signature="navghp()[pri:8, instance:testcase.testcase_zigwheels01@413d1baf]" started-at="2024-02-28T14:46:12 IST" name="navghp" finished-at="2024-02-28T14:46:14 IST" duration-ms="1971" status="PASS">
          <reporter-output>
          </reporter-output>
        </test-method> <!-- navghp -->
        <test-method signature="popm()[pri:9, instance:testcase.testcase_zigwheels01@413d1baf]" started-at="2024-02-28T14:46:16 IST" name="popm" finished-at="2024-02-28T14:46:17 IST" duration-ms="811" status="PASS">
          <reporter-output>
          </reporter-output>
        </test-method> <!-- popm -->
        <test-method signature="selcityaschn()[pri:10, instance:testcase.testcase_zigwheels01@413d1baf]" started-at="2024-02-28T14:46:18 IST" name="selcityaschn" finished-at="2024-02-28T14:46:24 IST" duration-ms="6263" status="PASS">
          <reporter-output>
          </reporter-output>
        </test-method> <!-- selcityaschn -->
        <test-method signature="scroillingucpm()[pri:11, instance:testcase.testcase_zigwheels01@413d1baf]" started-at="2024-02-28T14:46:24 IST" name="scroillingucpm" finished-at="2024-02-28T14:46:24 IST" duration-ms="82" status="PASS">
          <reporter-output>
          </reporter-output>
        </test-method> <!-- scroillingucpm -->
        <test-method signature="printpm()[pri:12, instance:testcase.testcase_zigwheels01@413d1baf]" started-at="2024-02-28T14:46:25 IST" name="printpm" finished-at="2024-02-28T14:46:25 IST" duration-ms="129" status="PASS">
          <reporter-output>
          </reporter-output>
        </test-method> <!-- printpm -->
        <test-method signature="navghp2()[pri:13, instance:testcase.testcase_zigwheels01@413d1baf]" started-at="2024-02-28T14:46:25 IST" name="navghp2" finished-at="2024-02-28T14:46:28 IST" duration-ms="2291" status="PASS">
          <reporter-output>
          </reporter-output>
        </test-method> <!-- navghp2 -->
        <test-method signature="getlogo()[pri:14, instance:testcase.testcase_zigwheels01@413d1baf]" started-at="2024-02-28T14:46:29 IST" name="getlogo" finished-at="2024-02-28T14:46:29 IST" duration-ms="57" status="PASS">
          <reporter-output>
          </reporter-output>
        </test-method> <!-- getlogo -->
        <test-method signature="registering()[pri:15, instance:testcase.testcase_zigwheels01@413d1baf]" started-at="2024-02-28T14:46:30 IST" name="registering" finished-at="2024-02-28T14:46:30 IST" duration-ms="283" status="PASS">
          <reporter-output>
          </reporter-output>
        </test-method> <!-- registering -->
        <test-method signature="selectinggoogle()[pri:16, instance:testcase.testcase_zigwheels01@413d1baf]" started-at="2024-02-28T14:46:31 IST" name="selectinggoogle" finished-at="2024-02-28T14:46:31 IST" duration-ms="360" status="PASS">
          <reporter-output>
          </reporter-output>
        </test-method> <!-- selectinggoogle -->
        <test-method signature="reg()[pri:17, instance:testcase.testcase_zigwheels01@413d1baf]" started-at="2024-02-28T14:46:32 IST" name="reg" finished-at="2024-02-28T14:46:36 IST" duration-ms="4116" status="PASS">
          <reporter-output>
          </reporter-output>
        </test-method> <!-- reg -->
        <test-method signature="clknb()[pri:18, instance:testcase.testcase_zigwheels01@413d1baf]" started-at="2024-02-28T14:46:36 IST" name="clknb" finished-at="2024-02-28T14:46:37 IST" duration-ms="909" status="PASS">
          <reporter-output>
          </reporter-output>
        </test-method> <!-- clknb -->
        <test-method signature="getemess()[pri:19, instance:testcase.testcase_zigwheels01@413d1baf]" started-at="2024-02-28T14:46:37 IST" name="getemess" finished-at="2024-02-28T14:46:37 IST" duration-ms="137" status="PASS">
          <reporter-output>
          </reporter-output>
        </test-method> <!-- getemess -->
        <test-method is-config="true" signature="tearDown()[pri:0, instance:testcase.testcase_zigwheels01@413d1baf]" started-at="2024-02-28T14:46:38 IST" name="tearDown" finished-at="2024-02-28T14:46:46 IST" duration-ms="8377" status="PASS">
          <reporter-output>
          </reporter-output>
        </test-method> <!-- tearDown -->
      </class> <!-- testcase.testcase_zigwheels01 -->
    </test> <!-- Test -->
  </suite> <!-- Suite -->
</testng-results>
